This file contains any messages produced by compilers while
running configure, to aid debugging if configure makes a mistake.

It was created by graphmedia configure 0.0, which was
generated by GNU Autoconf 2.69.  Invocation command line was

  $ ./configure 

## --------- ##
## Platform. ##
## --------- ##

hostname = paula
uname -m = x86_64
uname -r = 3.14.14-gentoo
uname -s = Linux
uname -v = #1 SMP Sun Oct 19 18:39:11 CEST 2014

/usr/bin/uname -p = Intel(R) Core(TM) i3-2310M CPU @ 2.10GHz
/bin/uname -X     = unknown

/bin/arch              = unknown
/usr/bin/arch -k       = unknown
/usr/convex/getsysinfo = unknown
/usr/bin/hostinfo      = unknown
/bin/machine           = unknown
/usr/bin/oslevel       = unknown
/bin/universe          = unknown

PATH: /usr/local/bin
PATH: /usr/bin
PATH: /bin
PATH: /opt/bin
PATH: /usr/x86_64-pc-linux-gnu/gcc-bin/4.7.3
PATH: /usr/games/bin


## ----------- ##
## Core tests. ##
## ----------- ##

configure:2254: checking for a BSD-compatible install
configure:2322: result: /usr/bin/install -c
configure:2333: checking whether build environment is sane
configure:2388: result: yes
configure:2539: checking for a thread-safe mkdir -p
configure:2578: result: /bin/mkdir -p
configure:2585: checking for gawk
configure:2601: found /usr/bin/gawk
configure:2612: result: gawk
configure:2623: checking whether make sets $(MAKE)
configure:2645: result: yes
configure:2674: checking whether make supports nested variables
configure:2691: result: yes
configure:2786: checking whether make supports nested variables
configure:2803: result: yes
configure:2843: checking build system type
configure:2857: result: x86_64-unknown-linux-gnu
configure:2877: checking host system type
configure:2890: result: x86_64-unknown-linux-gnu
configure:2931: checking how to print strings
configure:2958: result: printf
configure:2991: checking for style of include used by make
configure:3019: result: GNU
configure:3090: checking for gcc
configure:3106: found /usr/bin/gcc
configure:3117: result: gcc
configure:3346: checking for C compiler version
configure:3355: gcc --version >&5
gcc (Gentoo Hardened 4.7.3-r1 p1.5, pie-0.5.5) 4.7.3
Copyright (C) 2012 Free Software Foundation, Inc.
This is free software; see the source for copying conditions.  There is NO
warranty; not even for MERCHANTABILITY or FITNESS FOR A PARTICULAR PURPOSE.

configure:3366: $? = 0
configure:3355: gcc -v >&5
Using built-in specs.
COLLECT_GCC=/usr/x86_64-pc-linux-gnu/gcc-bin/4.7.3/gcc
COLLECT_LTO_WRAPPER=/usr/libexec/gcc/x86_64-pc-linux-gnu/4.7.3/lto-wrapper
Target: x86_64-pc-linux-gnu
Configured with: /var/tmp/portage/sys-devel/gcc-4.7.3-r1/work/gcc-4.7.3/configure --host=x86_64-pc-linux-gnu --build=x86_64-pc-linux-gnu --prefix=/usr --bindir=/usr/x86_64-pc-linux-gnu/gcc-bin/4.7.3 --includedir=/usr/lib/gcc/x86_64-pc-linux-gnu/4.7.3/include --datadir=/usr/share/gcc-data/x86_64-pc-linux-gnu/4.7.3 --mandir=/usr/share/gcc-data/x86_64-pc-linux-gnu/4.7.3/man --infodir=/usr/share/gcc-data/x86_64-pc-linux-gnu/4.7.3/info --with-gxx-include-dir=/usr/lib/gcc/x86_64-pc-linux-gnu/4.7.3/include/g++-v4 --with-python-dir=/share/gcc-data/x86_64-pc-linux-gnu/4.7.3/python --enable-languages=c,c++ --enable-obsolete --enable-secureplt --disable-werror --with-system-zlib --enable-nls --without-included-gettext --enable-checking=release --with-bugurl=https://bugs.gentoo.org/ --with-pkgversion='Gentoo Hardened 4.7.3-r1 p1.5, pie-0.5.5' --enable-esp --enable-libstdcxx-time --enable-shared --enable-threads=posix --enable-__cxa_atexit --enable-clocale=gnu --enable-multilib --with-multilib-list=m32,m64 --disable-altivec --disable-fixed-point --enable-targets=all --disable-libgcj --enable-libgomp --disable-libmudflap --disable-libssp --disable-libquadmath --enable-lto --without-cloog --without-ppl
Thread model: posix
gcc version 4.7.3 (Gentoo Hardened 4.7.3-r1 p1.5, pie-0.5.5) 
configure:3366: $? = 0
configure:3355: gcc -V >&5
gcc: error: unrecognized command line option '-V'
gcc: fatal error: no input files
compilation terminated.
configure:3366: $? = 1
configure:3355: gcc -qversion >&5
gcc: error: unrecognized command line option '-qversion'
gcc: fatal error: no input files
compilation terminated.
configure:3366: $? = 1
configure:3386: checking whether the C compiler works
configure:3408: gcc    conftest.c  >&5
configure:3412: $? = 0
configure:3460: result: yes
configure:3463: checking for C compiler default output file name
configure:3465: result: a.out
configure:3471: checking for suffix of executables
configure:3478: gcc -o conftest    conftest.c  >&5
configure:3482: $? = 0
configure:3504: result: 
configure:3526: checking whether we are cross compiling
configure:3534: gcc -o conftest    conftest.c  >&5
configure:3538: $? = 0
configure:3545: ./conftest
configure:3549: $? = 0
configure:3564: result: no
configure:3569: checking for suffix of object files
configure:3591: gcc -c   conftest.c >&5
configure:3595: $? = 0
configure:3616: result: o
configure:3620: checking whether we are using the GNU C compiler
configure:3639: gcc -c   conftest.c >&5
configure:3639: $? = 0
configure:3648: result: yes
configure:3657: checking whether gcc accepts -g
configure:3677: gcc -c -g  conftest.c >&5
configure:3677: $? = 0
configure:3718: result: yes
configure:3735: checking for gcc option to accept ISO C89
configure:3798: gcc  -c -g -O2  conftest.c >&5
configure:3798: $? = 0
configure:3811: result: none needed
configure:3833: checking dependency style of gcc
configure:3944: result: gcc3
configure:3959: checking for a sed that does not truncate output
configure:4023: result: /bin/sed
configure:4041: checking for grep that handles long lines and -e
configure:4099: result: /bin/grep
configure:4104: checking for egrep
configure:4166: result: /bin/grep -E
configure:4171: checking for fgrep
configure:4233: result: /bin/grep -F
configure:4268: checking for ld used by gcc
configure:4335: result: /usr/x86_64-pc-linux-gnu/bin/ld
configure:4342: checking if the linker (/usr/x86_64-pc-linux-gnu/bin/ld) is GNU ld
configure:4357: result: yes
configure:4369: checking for BSD- or MS-compatible name lister (nm)
configure:4418: result: /usr/bin/nm -B
configure:4548: checking the name lister (/usr/bin/nm -B) interface
configure:4555: gcc -c -g -O2  conftest.c >&5
configure:4558: /usr/bin/nm -B "conftest.o"
configure:4561: output
0000000000000000 B some_variable
configure:4568: result: BSD nm
configure:4571: checking whether ln -s works
configure:4575: result: yes
configure:4583: checking the maximum length of command line arguments
configure:4713: result: 1572864
configure:4730: checking whether the shell understands some XSI constructs
configure:4740: result: yes
configure:4744: checking whether the shell understands "+="
configure:4750: result: yes
configure:4785: checking how to convert x86_64-unknown-linux-gnu file names to x86_64-unknown-linux-gnu format
configure:4825: result: func_convert_file_noop
configure:4832: checking how to convert x86_64-unknown-linux-gnu file names to toolchain format
configure:4852: result: func_convert_file_noop
configure:4859: checking for /usr/x86_64-pc-linux-gnu/bin/ld option to reload object files
configure:4866: result: -r
configure:4940: checking for objdump
configure:4956: found /usr/bin/objdump
configure:4967: result: objdump
configure:4999: checking how to recognize dependent libraries
configure:5201: result: pass_all
configure:5286: checking for dlltool
configure:5316: result: no
configure:5346: checking how to associate runtime and link libraries
configure:5373: result: printf %s\n
configure:5434: checking for ar
configure:5450: found /usr/bin/ar
configure:5461: result: ar
configure:5498: checking for archiver @FILE support
configure:5515: gcc -c -g -O2  conftest.c >&5
configure:5515: $? = 0
configure:5518: ar cru libconftest.a @conftest.lst >&5
configure:5521: $? = 0
configure:5526: ar cru libconftest.a @conftest.lst >&5
ar: conftest.o: No such file or directory
configure:5529: $? = 1
configure:5541: result: @
configure:5599: checking for strip
configure:5615: found /usr/bin/strip
configure:5626: result: strip
configure:5698: checking for ranlib
configure:5714: found /usr/bin/ranlib
configure:5725: result: ranlib
configure:5827: checking command to parse /usr/bin/nm -B output from gcc object
configure:5947: gcc -c -g -O2  conftest.c >&5
configure:5950: $? = 0
configure:5954: /usr/bin/nm -B conftest.o \| sed -n -e 's/^.*[ ]\([ABCDGIRSTW][ABCDGIRSTW]*\)[ ][ ]*\([_A-Za-z][_A-Za-z0-9]*\)$/\1 \2 \2/p' | sed '/ __gnu_lto/d' \> conftest.nm
configure:5957: $? = 0
configure:6023: gcc -o conftest -g -O2   conftest.c conftstm.o >&5
configure:6026: $? = 0
configure:6064: result: ok
configure:6101: checking for sysroot
configure:6131: result: no
configure:6208: gcc -c -g -O2  conftest.c >&5
configure:6211: $? = 0
configure:6387: checking for mt
configure:6417: result: no
configure:6437: checking if : is a manifest tool
configure:6443: : '-?'
configure:6451: result: no
configure:7093: checking how to run the C preprocessor
configure:7124: gcc -E  conftest.c
configure:7124: $? = 0
configure:7138: gcc -E  conftest.c
conftest.c:11:28: fatal error: ac_nonexistent.h: No such file or directory
compilation terminated.
configure:7138: $? = 1
configure: failed program was:
| /* confdefs.h */
| #define PACKAGE_NAME "graphmedia"
| #define PACKAGE_TARNAME "graphmedia"
| #define PACKAGE_VERSION "0.0"
| #define PACKAGE_STRING "graphmedia 0.0"
| #define PACKAGE_BUGREPORT "http://somesite.com"
| #define PACKAGE_URL "https://somesite.com/bugs"
| #define PACKAGE "graphmedia"
| #define VERSION "0.0"
| /* end confdefs.h.  */
| #include <ac_nonexistent.h>
configure:7163: result: gcc -E
configure:7183: gcc -E  conftest.c
configure:7183: $? = 0
configure:7197: gcc -E  conftest.c
conftest.c:11:28: fatal error: ac_nonexistent.h: No such file or directory
compilation terminated.
configure:7197: $? = 1
configure: failed program was:
| /* confdefs.h */
| #define PACKAGE_NAME "graphmedia"
| #define PACKAGE_TARNAME "graphmedia"
| #define PACKAGE_VERSION "0.0"
| #define PACKAGE_STRING "graphmedia 0.0"
| #define PACKAGE_BUGREPORT "http://somesite.com"
| #define PACKAGE_URL "https://somesite.com/bugs"
| #define PACKAGE "graphmedia"
| #define VERSION "0.0"
| /* end confdefs.h.  */
| #include <ac_nonexistent.h>
configure:7226: checking for ANSI C header files
configure:7246: gcc -c -g -O2  conftest.c >&5
configure:7246: $? = 0
configure:7319: gcc -o conftest -g -O2   conftest.c  >&5
configure:7319: $? = 0
configure:7319: ./conftest
configure:7319: $? = 0
configure:7330: result: yes
configure:7343: checking for sys/types.h
configure:7343: gcc -c -g -O2  conftest.c >&5
configure:7343: $? = 0
configure:7343: result: yes
configure:7343: checking for sys/stat.h
configure:7343: gcc -c -g -O2  conftest.c >&5
configure:7343: $? = 0
configure:7343: result: yes
configure:7343: checking for stdlib.h
configure:7343: gcc -c -g -O2  conftest.c >&5
configure:7343: $? = 0
configure:7343: result: yes
configure:7343: checking for string.h
configure:7343: gcc -c -g -O2  conftest.c >&5
configure:7343: $? = 0
configure:7343: result: yes
configure:7343: checking for memory.h
configure:7343: gcc -c -g -O2  conftest.c >&5
configure:7343: $? = 0
configure:7343: result: yes
configure:7343: checking for strings.h
configure:7343: gcc -c -g -O2  conftest.c >&5
configure:7343: $? = 0
configure:7343: result: yes
configure:7343: checking for inttypes.h
configure:7343: gcc -c -g -O2  conftest.c >&5
configure:7343: $? = 0
configure:7343: result: yes
configure:7343: checking for stdint.h
configure:7343: gcc -c -g -O2  conftest.c >&5
configure:7343: $? = 0
configure:7343: result: yes
configure:7343: checking for unistd.h
configure:7343: gcc -c -g -O2  conftest.c >&5
configure:7343: $? = 0
configure:7343: result: yes
configure:7357: checking for dlfcn.h
configure:7357: gcc -c -g -O2  conftest.c >&5
configure:7357: $? = 0
configure:7357: result: yes
configure:7563: checking for objdir
configure:7578: result: .libs
configure:7845: checking if gcc supports -fno-rtti -fno-exceptions
configure:7863: gcc -c -g -O2  -fno-rtti -fno-exceptions conftest.c >&5
cc1: warning: command line option '-fno-rtti' is valid for C++/ObjC++ but not for C [enabled by default]
configure:7867: $? = 0
configure:7880: result: no
configure:8207: checking for gcc option to produce PIC
configure:8214: result: -fPIC -DPIC
configure:8222: checking if gcc PIC flag -fPIC -DPIC works
configure:8240: gcc -c -g -O2  -fPIC -DPIC -DPIC conftest.c >&5
configure:8244: $? = 0
configure:8257: result: yes
configure:8286: checking if gcc static flag -static works
configure:8314: result: yes
configure:8329: checking if gcc supports -c -o file.o
configure:8350: gcc -c -g -O2  -o out/conftest2.o conftest.c >&5
configure:8354: $? = 0
configure:8376: result: yes
configure:8384: checking if gcc supports -c -o file.o
configure:8431: result: yes
configure:8464: checking whether the gcc linker (/usr/x86_64-pc-linux-gnu/bin/ld -m elf_x86_64) supports shared libraries
configure:9617: result: yes
configure:9654: checking whether -lc should be explicitly linked in
configure:9662: gcc -c -g -O2  conftest.c >&5
configure:9665: $? = 0
configure:9680: gcc -shared  -fPIC -DPIC conftest.o  -v -Wl,-soname -Wl,conftest -o conftest 2\>\&1 \| /bin/grep  -lc  \>/dev/null 2\>\&1
configure:9683: $? = 0
configure:9697: result: no
configure:9857: checking dynamic linker characteristics
configure:10381: gcc -o conftest -g -O2   -Wl,-rpath -Wl,/foo conftest.c  >&5
configure:10381: $? = 0
configure:10603: result: GNU/Linux ld.so
configure:10710: checking how to hardcode library paths into programs
configure:10735: result: immediate
configure:11275: checking whether stripping libraries is possible
configure:11280: result: yes
configure:11315: checking if libtool supports shared libraries
configure:11317: result: yes
configure:11320: checking whether to build shared libraries
configure:11341: result: yes
configure:11344: checking whether to build static libraries
configure:11348: result: yes
configure:11434: checking for gcc
configure:11461: result: gcc
configure:11690: checking for C compiler version
configure:11699: gcc --version >&5
gcc (Gentoo Hardened 4.7.3-r1 p1.5, pie-0.5.5) 4.7.3
Copyright (C) 2012 Free Software Foundation, Inc.
This is free software; see the source for copying conditions.  There is NO
warranty; not even for MERCHANTABILITY or FITNESS FOR A PARTICULAR PURPOSE.

configure:11710: $? = 0
configure:11699: gcc -v >&5
Using built-in specs.
COLLECT_GCC=/usr/x86_64-pc-linux-gnu/gcc-bin/4.7.3/gcc
COLLECT_LTO_WRAPPER=/usr/libexec/gcc/x86_64-pc-linux-gnu/4.7.3/lto-wrapper
Target: x86_64-pc-linux-gnu
Configured with: /var/tmp/portage/sys-devel/gcc-4.7.3-r1/work/gcc-4.7.3/configure --host=x86_64-pc-linux-gnu --build=x86_64-pc-linux-gnu --prefix=/usr --bindir=/usr/x86_64-pc-linux-gnu/gcc-bin/4.7.3 --includedir=/usr/lib/gcc/x86_64-pc-linux-gnu/4.7.3/include --datadir=/usr/share/gcc-data/x86_64-pc-linux-gnu/4.7.3 --mandir=/usr/share/gcc-data/x86_64-pc-linux-gnu/4.7.3/man --infodir=/usr/share/gcc-data/x86_64-pc-linux-gnu/4.7.3/info --with-gxx-include-dir=/usr/lib/gcc/x86_64-pc-linux-gnu/4.7.3/include/g++-v4 --with-python-dir=/share/gcc-data/x86_64-pc-linux-gnu/4.7.3/python --enable-languages=c,c++ --enable-obsolete --enable-secureplt --disable-werror --with-system-zlib --enable-nls --without-included-gettext --enable-checking=release --with-bugurl=https://bugs.gentoo.org/ --with-pkgversion='Gentoo Hardened 4.7.3-r1 p1.5, pie-0.5.5' --enable-esp --enable-libstdcxx-time --enable-shared --enable-threads=posix --enable-__cxa_atexit --enable-clocale=gnu --enable-multilib --with-multilib-list=m32,m64 --disable-altivec --disable-fixed-point --enable-targets=all --disable-libgcj --enable-libgomp --disable-libmudflap --disable-libssp --disable-libquadmath --enable-lto --without-cloog --without-ppl
Thread model: posix
gcc version 4.7.3 (Gentoo Hardened 4.7.3-r1 p1.5, pie-0.5.5) 
configure:11710: $? = 0
configure:11699: gcc -V >&5
gcc: error: unrecognized command line option '-V'
gcc: fatal error: no input files
compilation terminated.
configure:11710: $? = 1
configure:11699: gcc -qversion >&5
gcc: error: unrecognized command line option '-qversion'
gcc: fatal error: no input files
compilation terminated.
configure:11710: $? = 1
configure:11714: checking whether we are using the GNU C compiler
configure:11742: result: yes
configure:11751: checking whether gcc accepts -g
configure:11812: result: yes
configure:11829: checking for gcc option to accept ISO C89
configure:11905: result: none needed
configure:11927: checking dependency style of gcc
configure:12038: result: gcc3
configure:12054: checking whether gcc and cc understand -c and -o together
configure:12085: gcc -c conftest.c -o conftest2.o >&5
configure:12089: $? = 0
configure:12095: gcc -c conftest.c -o conftest2.o >&5
configure:12099: $? = 0
configure:12110: cc -c conftest.c >&5
configure:12114: $? = 0
configure:12122: cc -c conftest.c -o conftest2.o >&5
configure:12126: $? = 0
configure:12132: cc -c conftest.c -o conftest2.o >&5
configure:12136: $? = 0
configure:12154: result: yes
configure:12183: checking for gcc option to accept ISO C99
configure:12332: gcc  -c -g -O2  conftest.c >&5
conftest.c:73:29: error: expected ';', ',' or ')' before 'text'
conftest.c: In function 'main':
conftest.c:127:18: error: expected '=', ',', ';', 'asm' or '__attribute__' before 'newvar'
conftest.c:127:18: error: 'newvar' undeclared (first use in this function)
conftest.c:127:18: note: each undeclared identifier is reported only once for each function it appears in
conftest.c:137:3: error: 'for' loop initial declarations are only allowed in C99 mode
conftest.c:137:3: note: use option -std=c99 or -std=gnu99 to compile your code
configure:12332: $? = 1
configure: failed program was:
| /* confdefs.h */
| #define PACKAGE_NAME "graphmedia"
| #define PACKAGE_TARNAME "graphmedia"
| #define PACKAGE_VERSION "0.0"
| #define PACKAGE_STRING "graphmedia 0.0"
| #define PACKAGE_BUGREPORT "http://somesite.com"
| #define PACKAGE_URL "https://somesite.com/bugs"
| #define PACKAGE "graphmedia"
| #define VERSION "0.0"
| #define STDC_HEADERS 1
| #define HAVE_SYS_TYPES_H 1
| #define HAVE_SYS_STAT_H 1
| #define HAVE_STDLIB_H 1
| #define HAVE_STRING_H 1
| #define HAVE_MEMORY_H 1
| #define HAVE_STRINGS_H 1
| #define HAVE_INTTYPES_H 1
| #define HAVE_STDINT_H 1
| #define HAVE_UNISTD_H 1
| #define HAVE_DLFCN_H 1
| #define LT_OBJDIR ".libs/"
| /* end confdefs.h.  */
| #include <stdarg.h>
| #include <stdbool.h>
| #include <stdlib.h>
| #include <wchar.h>
| #include <stdio.h>
| 
| // Check varargs macros.  These examples are taken from C99 6.10.3.5.
| #define debug(...) fprintf (stderr, __VA_ARGS__)
| #define showlist(...) puts (#__VA_ARGS__)
| #define report(test,...) ((test) ? puts (#test) : printf (__VA_ARGS__))
| static void
| test_varargs_macros (void)
| {
|   int x = 1234;
|   int y = 5678;
|   debug ("Flag");
|   debug ("X = %d\n", x);
|   showlist (The first, second, and third items.);
|   report (x>y, "x is %d but y is %d", x, y);
| }
| 
| // Check long long types.
| #define BIG64 18446744073709551615ull
| #define BIG32 4294967295ul
| #define BIG_OK (BIG64 / BIG32 == 4294967297ull && BIG64 % BIG32 == 0)
| #if !BIG_OK
|   your preprocessor is broken;
| #endif
| #if BIG_OK
| #else
|   your preprocessor is broken;
| #endif
| static long long int bignum = -9223372036854775807LL;
| static unsigned long long int ubignum = BIG64;
| 
| struct incomplete_array
| {
|   int datasize;
|   double data[];
| };
| 
| struct named_init {
|   int number;
|   const wchar_t *name;
|   double average;
| };
| 
| typedef const char *ccp;
| 
| static inline int
| test_restrict (ccp restrict text)
| {
|   // See if C++-style comments work.
|   // Iterate through items via the restricted pointer.
|   // Also check for declarations in for loops.
|   for (unsigned int i = 0; *(text+i) != '\0'; ++i)
|     continue;
|   return 0;
| }
| 
| // Check varargs and va_copy.
| static void
| test_varargs (const char *format, ...)
| {
|   va_list args;
|   va_start (args, format);
|   va_list args_copy;
|   va_copy (args_copy, args);
| 
|   const char *str;
|   int number;
|   float fnumber;
| 
|   while (*format)
|     {
|       switch (*format++)
| 	{
| 	case 's': // string
| 	  str = va_arg (args_copy, const char *);
| 	  break;
| 	case 'd': // int
| 	  number = va_arg (args_copy, int);
| 	  break;
| 	case 'f': // float
| 	  fnumber = va_arg (args_copy, double);
| 	  break;
| 	default:
| 	  break;
| 	}
|     }
|   va_end (args_copy);
|   va_end (args);
| }
| 
| int
| main ()
| {
| 
|   // Check bool.
|   _Bool success = false;
| 
|   // Check restrict.
|   if (test_restrict ("String literal") == 0)
|     success = true;
|   char *restrict newvar = "Another string";
| 
|   // Check varargs.
|   test_varargs ("s, d' f .", "string", 65, 34.234);
|   test_varargs_macros ();
| 
|   // Check flexible array members.
|   struct incomplete_array *ia =
|     malloc (sizeof (struct incomplete_array) + (sizeof (double) * 10));
|   ia->datasize = 10;
|   for (int i = 0; i < ia->datasize; ++i)
|     ia->data[i] = i * 1.234;
| 
|   // Check named initializers.
|   struct named_init ni = {
|     .number = 34,
|     .name = L"Test wide string",
|     .average = 543.34343,
|   };
| 
|   ni.number = 58;
| 
|   int dynamic_array[ni.number];
|   dynamic_array[ni.number - 1] = 543;
| 
|   // work around unused variable warnings
|   return (!success || bignum == 0LL || ubignum == 0uLL || newvar[0] == 'x'
| 	  || dynamic_array[ni.number - 1] != 543);
| 
|   ;
|   return 0;
| }
configure:12332: gcc -std=gnu99 -c -g -O2  conftest.c >&5
configure:12332: $? = 0
configure:12352: result: -std=gnu99
configure:12453: checking for gcc -std=gnu99 option to accept ISO Standard C
configure:12467: result: -std=gnu99
configure:12473: checking for valac
configure:12491: found /usr/local/bin/valac
configure:12504: result: /usr/local/bin/valac
configure:12513: checking whether /usr/local/bin/valac is at least version 0.24
configure:12521: result: yes
configure:12546: checking for glib-compile-resources
configure:12564: found /usr/bin/glib-compile-resources
configure:12576: result: /usr/bin/glib-compile-resources
configure:12586: checking for glib-compile-schemas
configure:12604: found /usr/bin/glib-compile-schemas
configure:12616: result: /usr/bin/glib-compile-schemas
configure:12691: checking for pkg-config
configure:12709: found /usr/bin/pkg-config
configure:12721: result: /usr/bin/pkg-config
configure:12746: checking pkg-config is at least version 0.16
configure:12749: result: yes
configure:12862: checking for GRAPHMEDIA
configure:12869: $PKG_CONFIG --exists --print-errors " gee-0.8 sqlite3 gtk+-3.0  gdk-x11-3.0"
configure:12872: $? = 0
configure:12886: $PKG_CONFIG --exists --print-errors " gee-0.8 sqlite3 gtk+-3.0  gdk-x11-3.0"
configure:12889: $? = 0
configure:12947: result: yes
configure:13119: checking that generated files are newer than configure
configure:13125: result: done
configure:13152: creating ./config.status

## ---------------------- ##
## Running config.status. ##
## ---------------------- ##

This file was extended by graphmedia config.status 0.0, which was
generated by GNU Autoconf 2.69.  Invocation command line was

  CONFIG_FILES    = 
  CONFIG_HEADERS  = 
  CONFIG_LINKS    = 
  CONFIG_COMMANDS = 
  $ ./config.status 

on paula

config.status:1063: creating Makefile
config.status:1235: executing depfiles commands
config.status:1235: executing libtool commands

## ---------------- ##
## Cache variables. ##
## ---------------- ##

ac_cv_build=x86_64-unknown-linux-gnu
ac_cv_c_compiler_gnu=yes
ac_cv_env_CC_set=
ac_cv_env_CC_value=
ac_cv_env_CFLAGS_set=
ac_cv_env_CFLAGS_value=
ac_cv_env_CPPFLAGS_set=
ac_cv_env_CPPFLAGS_value=
ac_cv_env_CPP_set=
ac_cv_env_CPP_value=
ac_cv_env_GRAPHMEDIA_CFLAGS_set=
ac_cv_env_GRAPHMEDIA_CFLAGS_value=
ac_cv_env_GRAPHMEDIA_LIBS_set=
ac_cv_env_GRAPHMEDIA_LIBS_value=
ac_cv_env_LDFLAGS_set=
ac_cv_env_LDFLAGS_value=
ac_cv_env_LIBS_set=
ac_cv_env_LIBS_value=
ac_cv_env_PKG_CONFIG_LIBDIR_set=
ac_cv_env_PKG_CONFIG_LIBDIR_value=
ac_cv_env_PKG_CONFIG_PATH_set=
ac_cv_env_PKG_CONFIG_PATH_value=
ac_cv_env_PKG_CONFIG_set=
ac_cv_env_PKG_CONFIG_value=
ac_cv_env_build_alias_set=
ac_cv_env_build_alias_value=
ac_cv_env_host_alias_set=
ac_cv_env_host_alias_value=
ac_cv_env_target_alias_set=
ac_cv_env_target_alias_value=
ac_cv_header_dlfcn_h=yes
ac_cv_header_inttypes_h=yes
ac_cv_header_memory_h=yes
ac_cv_header_stdc=yes
ac_cv_header_stdint_h=yes
ac_cv_header_stdlib_h=yes
ac_cv_header_string_h=yes
ac_cv_header_strings_h=yes
ac_cv_header_sys_stat_h=yes
ac_cv_header_sys_types_h=yes
ac_cv_header_unistd_h=yes
ac_cv_host=x86_64-unknown-linux-gnu
ac_cv_objext=o
ac_cv_path_EGREP='/bin/grep -E'
ac_cv_path_FGREP='/bin/grep -F'
ac_cv_path_GLIB_COMPILE_RESOURCES=/usr/bin/glib-compile-resources
ac_cv_path_GLIB_COMPILE_SCHEMAS=/usr/bin/glib-compile-schemas
ac_cv_path_GREP=/bin/grep
ac_cv_path_SED=/bin/sed
ac_cv_path_VALAC=/usr/local/bin/valac
ac_cv_path_ac_pt_PKG_CONFIG=/usr/bin/pkg-config
ac_cv_path_install='/usr/bin/install -c'
ac_cv_path_mkdir=/bin/mkdir
ac_cv_prog_AWK=gawk
ac_cv_prog_CPP='gcc -E'
ac_cv_prog_ac_ct_AR=ar
ac_cv_prog_ac_ct_CC=gcc
ac_cv_prog_ac_ct_OBJDUMP=objdump
ac_cv_prog_ac_ct_RANLIB=ranlib
ac_cv_prog_ac_ct_STRIP=strip
ac_cv_prog_cc_c89=
ac_cv_prog_cc_c99=-std=gnu99
ac_cv_prog_cc_g=yes
ac_cv_prog_cc_gcc_c_o=yes
ac_cv_prog_cc_stdc=-std=gnu99
ac_cv_prog_make_make_set=yes
am_cv_CC_dependencies_compiler_type=gcc3
am_cv_make_support_nested_variables=yes
lt_cv_ar_at_file=@
lt_cv_archive_cmds_need_lc=no
lt_cv_deplibs_check_method=pass_all
lt_cv_file_magic_cmd='$MAGIC_CMD'
lt_cv_file_magic_test_file=
lt_cv_ld_reload_flag=-r
lt_cv_nm_interface='BSD nm'
lt_cv_objdir=.libs
lt_cv_path_LD=/usr/x86_64-pc-linux-gnu/bin/ld
lt_cv_path_NM='/usr/bin/nm -B'
lt_cv_path_mainfest_tool=no
lt_cv_prog_compiler_c_o=yes
lt_cv_prog_compiler_pic='-fPIC -DPIC'
lt_cv_prog_compiler_pic_works=yes
lt_cv_prog_compiler_rtti_exceptions=no
lt_cv_prog_compiler_static_works=yes
lt_cv_prog_gnu_ld=yes
lt_cv_sharedlib_from_linklib_cmd='printf %s\n'
lt_cv_shlibpath_overrides_runpath=yes
lt_cv_sys_global_symbol_pipe='sed -n -e '\''s/^.*[	 ]\([ABCDGIRSTW][ABCDGIRSTW]*\)[	 ][	 ]*\([_A-Za-z][_A-Za-z0-9]*\)$/\1 \2 \2/p'\'' | sed '\''/ __gnu_lto/d'\'''
lt_cv_sys_global_symbol_to_c_name_address='sed -n -e '\''s/^: \([^ ]*\)[ ]*$/  {\"\1\", (void *) 0},/p'\'' -e '\''s/^[ABCDGIRSTW]* \([^ ]*\) \([^ ]*\)$/  {"\2", (void *) \&\2},/p'\'''
lt_cv_sys_global_symbol_to_c_name_address_lib_prefix='sed -n -e '\''s/^: \([^ ]*\)[ ]*$/  {\"\1\", (void *) 0},/p'\'' -e '\''s/^[ABCDGIRSTW]* \([^ ]*\) \(lib[^ ]*\)$/  {"\2", (void *) \&\2},/p'\'' -e '\''s/^[ABCDGIRSTW]* \([^ ]*\) \([^ ]*\)$/  {"lib\2", (void *) \&\2},/p'\'''
lt_cv_sys_global_symbol_to_cdecl='sed -n -e '\''s/^T .* \(.*\)$/extern int \1();/p'\'' -e '\''s/^[ABCDGIRSTW]* .* \(.*\)$/extern char \1;/p'\'''
lt_cv_sys_max_cmd_len=1572864
lt_cv_to_host_file_cmd=func_convert_file_noop
lt_cv_to_tool_file_cmd=func_convert_file_noop
pkg_cv_GRAPHMEDIA_CFLAGS='-pthread -I/usr/include/gee-0.8 -I/usr/include/gtk-3.0 -I/usr/include/at-spi2-atk/2.0 -I/usr/include/gtk-3.0 -I/usr/include/atk-1.0 -I/usr/include/gtk-3.0 -I/usr/include/gio-unix-2.0/ -I/usr/include/cairo -I/usr/include/pango-1.0 -I/usr/include/harfbuzz -I/usr/include/pango-1.0 -I/usr/include/gdk-pixbuf-2.0 -I/usr/include/cairo -I/usr/include/pixman-1 -I/usr/include/freetype2 -I/usr/include/libdrm -I/usr/include/libpng16 -I/usr/include/glib-2.0 -I/usr/lib64/glib-2.0/include '
pkg_cv_GRAPHMEDIA_LIBS='-lgee-0.8 -lsqlite3 -lgtk-3 -lgdk-3 -latk-1.0 -lgio-2.0 -lgdk-3 -lpangocairo-1.0 -lpango-1.0 -lgdk_pixbuf-2.0 -lcairo-gobject -lcairo -lgobject-2.0 -lglib-2.0 '

## ----------------- ##
## Output variables. ##
## ----------------- ##










		$(INSTALL_DATA) $^ "$(DESTDIR)$(gsettingsschemadir)"; \
		test -n "$(GSETTINGS_DISABLE_SCHEMAS_COMPILE)$(DESTDIR)" || $(GLIB_COMPILE_SCHEMAS) $(gsettingsschemadir); \
		test -z "$(gsettingsschemadir)" || $(MKDIR_P) "$(DESTDIR)$(gsettingsschemadir)"; \
	$(AM_V_GEN) $(GLIB_COMPILE_SCHEMAS) --strict --dry-run $(addprefix --schema-file=,$(gsettings__enum_file)) --schema-file=$< && mkdir -p $(@D) && touch $@
	$(AM_V_GEN) glib-mkenums --comments '\''<!-- @comment@ -->'\'' --fhead "<schemalist>" --vhead "  <@type@ id='\''$(gsettings_ENUM_NAMESPACE).@EnumName@'\''>" --vprod "    <value nick='\''@valuenick@'\'' value='\''@valuenum@'\''/>" --vtail "  </@type@>" --ftail "</schemalist>" $^ > $@.tmp && mv $@.tmp $@
	@$(NORMAL_INSTALL)
	@$(NORMAL_UNINSTALL)
	@list='\''$(gsettings_SCHEMAS) $(gsettings__enum_file)'\''; test -n "$(gsettingsschemadir)" || list=; \
	cd "$(DESTDIR)$(gsettingsschemadir)" && rm -f $$files
	echo " ( cd '\''$(DESTDIR)$(gsettingsschemadir)'\'' && rm -f" $$files ")"; \
	fi
	files=`for p in $$list; do echo $$p; done | sed -e '\''s|^.*/||'\''`; \
	if test -n "$^"; then \
	rm -f $(gsettings_SCHEMAS:.xml=.valid) $(gsettings__enum_file)
	test -n "$$files" || exit 0; \
	test -n "$(GSETTINGS_DISABLE_SCHEMAS_COMPILE)$(DESTDIR)" || $(GLIB_COMPILE_SCHEMAS) $(gsettingsschemadir)
$(gsettings__enum_file): $(gsettings_ENUM_FILES)
%.gschema.valid: %.gschema.xml $(gsettings__enum_file)
.PHONY : uninstall-gsettings-schemas install-gsettings-schemas clean-gsettings-schemas
.SECONDARY: $(gsettings_SCHEMAS)
ACLOCAL='${SHELL} /home/ndrd/Desktop/graphmedia/build-aux/missing aclocal-1.13'
AMDEPBACKSLASH='\'
AMDEP_FALSE='#'
AMDEP_TRUE=''
AMTAR='$${TAR-tar}'
AM_BACKSLASH='\'
AM_DEFAULT_V='$(AM_DEFAULT_VERBOSITY)'
AM_DEFAULT_VERBOSITY='0'
AM_V='$(V)'
AR='ar'
AUTOCONF='${SHELL} /home/ndrd/Desktop/graphmedia/build-aux/missing autoconf'
AUTOHEADER='${SHELL} /home/ndrd/Desktop/graphmedia/build-aux/missing autoheader'
AUTOMAKE='${SHELL} /home/ndrd/Desktop/graphmedia/build-aux/missing automake-1.13'
AWK='gawk'
CC='gcc -std=gnu99'
CCDEPMODE='depmode=gcc3'
CFLAGS='-g -O2'
CPP='gcc -E'
CPPFLAGS=''
CYGPATH_W='echo'
DEFS='-DPACKAGE_NAME=\"graphmedia\" -DPACKAGE_TARNAME=\"graphmedia\" -DPACKAGE_VERSION=\"0.0\" -DPACKAGE_STRING=\"graphmedia\ 0.0\" -DPACKAGE_BUGREPORT=\"http://somesite.com\" -DPACKAGE_URL=\"https://somesite.com/bugs\" -DPACKAGE=\"graphmedia\" -DVERSION=\"0.0\" -DSTDC_HEADERS=1 -DHAVE_SYS_TYPES_H=1 -DHAVE_SYS_STAT_H=1 -DHAVE_STDLIB_H=1 -DHAVE_STRING_H=1 -DHAVE_MEMORY_H=1 -DHAVE_STRINGS_H=1 -DHAVE_INTTYPES_H=1 -DHAVE_STDINT_H=1 -DHAVE_UNISTD_H=1 -DHAVE_DLFCN_H=1 -DLT_OBJDIR=\".libs/\" -DGETTEXT_PACKAGE=\"graphmedia\"'
DEPDIR='.deps'
DLLTOOL='false'
DSYMUTIL=''
DUMPBIN=''
ECHO_C=''
ECHO_N='-n'
ECHO_T=''
EGREP='/bin/grep -E'
EXEEXT=''
FGREP='/bin/grep -F'
GETTEXT_PACKAGE='graphmedia'
GLIB_COMPILE_RESOURCES='/usr/bin/glib-compile-resources'
GLIB_COMPILE_SCHEMAS='glib-compile-schemas'
GRAPHMEDIA_CFLAGS='-pthread -I/usr/include/gee-0.8 -I/usr/include/gtk-3.0 -I/usr/include/at-spi2-atk/2.0 -I/usr/include/gtk-3.0 -I/usr/include/atk-1.0 -I/usr/include/gtk-3.0 -I/usr/include/gio-unix-2.0/ -I/usr/include/cairo -I/usr/include/pango-1.0 -I/usr/include/harfbuzz -I/usr/include/pango-1.0 -I/usr/include/gdk-pixbuf-2.0 -I/usr/include/cairo -I/usr/include/pixman-1 -I/usr/include/freetype2 -I/usr/include/libdrm -I/usr/include/libpng16 -I/usr/include/glib-2.0 -I/usr/lib64/glib-2.0/include '
GRAPHMEDIA_LIBS='-lgee-0.8 -lsqlite3 -lgtk-3 -lgdk-3 -latk-1.0 -lgio-2.0 -lgdk-3 -lpangocairo-1.0 -lpango-1.0 -lgdk_pixbuf-2.0 -lcairo-gobject -lcairo -lgobject-2.0 -lglib-2.0 '
GRAPHMEDIA_PACKAGES='--pkg gee-0.8 --pkg sqlite3 --pkg gtk+-3.0 --pkg gdk-x11-3.0 '
GREP='/bin/grep'
GSETTINGS_DISABLE_SCHEMAS_COMPILE=''
GSETTINGS_RULES='
INSTALL_DATA='${INSTALL} -m 644'
INSTALL_PROGRAM='${INSTALL}'
INSTALL_SCRIPT='${INSTALL}'
INSTALL_STRIP_PROGRAM='$(install_sh) -c -s'
LD='/usr/x86_64-pc-linux-gnu/bin/ld -m elf_x86_64'
LDFLAGS=''
LIBOBJS=''
LIBS=''
LIBTOOL='$(SHELL) $(top_builddir)/libtool'
LIPO=''
LN_S='ln -s'
LTLIBOBJS=''
MAKEINFO='${SHELL} /home/ndrd/Desktop/graphmedia/build-aux/missing makeinfo'
MANIFEST_TOOL=':'
MKDIR_P='/bin/mkdir -p'
NM='/usr/bin/nm -B'
NMEDIT=''
OBJDUMP='objdump'
OBJEXT='o'
OTOOL64=''
OTOOL=''
PACKAGE='graphmedia'
PACKAGE_BUGREPORT='http://somesite.com'
PACKAGE_NAME='graphmedia'
PACKAGE_STRING='graphmedia 0.0'
PACKAGE_TARNAME='graphmedia'
PACKAGE_URL='https://somesite.com/bugs'
PACKAGE_VERSION='0.0'
PATH_SEPARATOR=':'
PKG_CONFIG='/usr/bin/pkg-config'
PKG_CONFIG_LIBDIR=''
PKG_CONFIG_PATH=''
RANLIB='ranlib'
SED='/bin/sed'
SET_MAKE=''
SHELL='/bin/sh'
STRIP='strip'
VALAC='/usr/local/bin/valac'
VERSION='0.0'
ac_ct_AR='ar'
ac_ct_CC='gcc'
ac_ct_DUMPBIN=''
all-am: $(gsettings_SCHEMAS:.xml=.valid)
am__EXEEXT_FALSE=''
am__EXEEXT_TRUE='#'
am__fastdepCC_FALSE='#'
am__fastdepCC_TRUE=''
am__include='include'
am__isrc=''
am__leading_dot='.'
am__nodep='_no'
am__quote=''
am__tar='$${TAR-tar} chof - "$$tardir"'
am__untar='$${TAR-tar} xf -'
bindir='${exec_prefix}/bin'
build='x86_64-unknown-linux-gnu'
build_alias=''
build_cpu='x86_64'
build_os='linux-gnu'
build_vendor='unknown'
clean-gsettings-schemas:
datadir='${datarootdir}'
datarootdir='${prefix}/share'
docdir='${datarootdir}/doc/${PACKAGE_TARNAME}'
dvidir='${docdir}'
endif'
exec_prefix='${prefix}'
gsettings__enum_file = $(addsuffix .enums.xml,$(gsettings_ENUM_NAMESPACE))
gsettingsschemadir='${datarootdir}/glib-2.0/schemas'
host='x86_64-unknown-linux-gnu'
host_alias=''
host_cpu='x86_64'
host_os='linux-gnu'
host_vendor='unknown'
htmldir='${docdir}'
ifdef gsettings_ENUM_NAMESPACE
includedir='${prefix}/include'
infodir='${datarootdir}/info'
install-data-am: install-gsettings-schemas
install-gsettings-schemas: $(gsettings_SCHEMAS) $(gsettings__enum_file)
install_sh='${SHELL} /home/ndrd/Desktop/graphmedia/build-aux/install-sh'
libdir='${exec_prefix}/lib'
libexecdir='${exec_prefix}/libexec'
localedir='${datarootdir}/locale'
localstatedir='${prefix}/var'
mandir='${datarootdir}/man'
mkdir_p='$(MKDIR_P)'
mostlyclean-am: clean-gsettings-schemas
oldincludedir='/usr/include'
pdfdir='${docdir}'
prefix='/usr/local'
program_transform_name='s,x,x,'
psdir='${docdir}'
sbindir='${exec_prefix}/sbin'
sharedstatedir='${prefix}/com'
sysconfdir='${prefix}/etc'
target_alias=''
uninstall-am: uninstall-gsettings-schemas
uninstall-gsettings-schemas:

## ----------- ##
## confdefs.h. ##
## ----------- ##

/* confdefs.h */
#define PACKAGE_NAME "graphmedia"
#define PACKAGE_TARNAME "graphmedia"
#define PACKAGE_VERSION "0.0"
#define PACKAGE_STRING "graphmedia 0.0"
#define PACKAGE_BUGREPORT "http://somesite.com"
#define PACKAGE_URL "https://somesite.com/bugs"
#define PACKAGE "graphmedia"
#define VERSION "0.0"
#define STDC_HEADERS 1
#define HAVE_SYS_TYPES_H 1
#define HAVE_SYS_STAT_H 1
#define HAVE_STDLIB_H 1
#define HAVE_STRING_H 1
#define HAVE_MEMORY_H 1
#define HAVE_STRINGS_H 1
#define HAVE_INTTYPES_H 1
#define HAVE_STDINT_H 1
#define HAVE_UNISTD_H 1
#define HAVE_DLFCN_H 1
#define LT_OBJDIR ".libs/"
#define GETTEXT_PACKAGE "graphmedia"

configure: exit 0
